#
# There is insufficient memory for the Java Runtime Environment to continue.
# Native memory allocation (malloc) failed to allocate 32744 bytes for ChunkPool::allocate
# Possible reasons:
#   The system is out of physical RAM or swap space
#   In 32 bit mode, the process size limit was hit
# Possible solutions:
#   Reduce memory load on the system
#   Increase physical memory or swap space
#   Check if swap backing store is full
#   Use 64 bit Java on a 64 bit OS
#   Decrease Java heap size (-Xmx/-Xms)
#   Decrease number of Java threads
#   Decrease Java thread stack sizes (-Xss)
#   Set larger code cache with -XX:ReservedCodeCacheSize=
# This output file may be truncated or incomplete.
#
#  Out of Memory Error (allocation.cpp:273), pid=11640, tid=13568
#
# JRE version: Java(TM) SE Runtime Environment (8.0_25-b18) (build 1.8.0_25-b18)
# Java VM: Java HotSpot(TM) 64-Bit Server VM (25.25-b02 mixed mode windows-amd64 compressed oops)
# Failed to write core dump. Minidumps are not enabled by default on client versions of Windows
#

---------------  T H R E A D  ---------------

Current thread (0x00000000085e1800):  JavaThread "C1 CompilerThread3" daemon [_thread_in_native, id=13568, stack(0x0000000008eb0000,0x0000000008fb0000)]

Stack: [0x0000000008eb0000,0x0000000008fb0000]
Native frames: (J=compiled Java code, j=interpreted, Vv=VM code, C=native code)
V  [jvm.dll+0x31667a]


Current CompileTask:
C1:    439   78       3       sun.nio.cs.UTF_8$Decoder::decode (779 bytes)


---------------  P R O C E S S  ---------------

Java Threads: ( => current thread )
  0x000000000865c000 JavaThread "Service Thread" daemon [_thread_blocked, id=11492, stack(0x0000000008fb0000,0x00000000090b0000)]
=>0x00000000085e1800 JavaThread "C1 CompilerThread3" daemon [_thread_in_native, id=13568, stack(0x0000000008eb0000,0x0000000008fb0000)]
  0x00000000085da800 JavaThread "C2 CompilerThread2" daemon [_thread_blocked, id=7592, stack(0x0000000008db0000,0x0000000008eb0000)]
  0x00000000085d4800 JavaThread "C2 CompilerThread1" daemon [_thread_blocked, id=6800, stack(0x0000000008cb0000,0x0000000008db0000)]
  0x00000000085d3000 JavaThread "C2 CompilerThread0" daemon [_thread_blocked, id=12788, stack(0x0000000008bb0000,0x0000000008cb0000)]
  0x00000000085de800 JavaThread "Attach Listener" daemon [_thread_blocked, id=6788, stack(0x0000000008ab0000,0x0000000008bb0000)]
  0x00000000065ed800 JavaThread "Signal Dispatcher" daemon [_thread_blocked, id=14196, stack(0x00000000089b0000,0x0000000008ab0000)]
  0x0000000002a97800 JavaThread "Finalizer" daemon [_thread_blocked, id=14280, stack(0x00000000084b0000,0x00000000085b0000)]
  0x00000000065dc000 JavaThread "Reference Handler" daemon [_thread_blocked, id=13456, stack(0x00000000083b0000,0x00000000084b0000)]
  0x000000000283d800 JavaThread "main" [_thread_in_native, id=12404, stack(0x00000000028a0000,0x00000000029a0000)]

Other Threads:
  0x00000000065d8000 VMThread [stack: 0x00000000082b0000,0x00000000083b0000] [id=12152]
  0x0000000008676000 WatcherThread [stack: 0x00000000090b0000,0x00000000091b0000] [id=11296]

VM state:not at safepoint (normal execution)

VM Mutex/Monitor currently owned by a thread: None

Heap:
 PSYoungGen      total 28672K, used 2956K [0x00000000eab00000, 0x00000000ecb00000, 0x0000000100000000)
  eden space 24576K, 12% used [0x00000000eab00000,0x00000000eade3248,0x00000000ec300000)
  from space 4096K, 0% used [0x00000000ec700000,0x00000000ec700000,0x00000000ecb00000)
  to   space 4096K, 0% used [0x00000000ec300000,0x00000000ec300000,0x00000000ec700000)
 ParOldGen       total 65536K, used 0K [0x00000000c0000000, 0x00000000c4000000, 0x00000000eab00000)
  object space 65536K, 0% used [0x00000000c0000000,0x00000000c0000000,0x00000000c4000000)
 Metaspace       used 2975K, capacity 4720K, committed 4864K, reserved 1056768K
  class space    used 334K, capacity 424K, committed 512K, reserved 1048576K

Card table byte_map: [0x0000000002e60000,0x0000000003070000] byte_map_base: 0x0000000002860000

Marking Bits: (ParMarkBitMap*) 0x000000006c2cd490
 Begin Bits: [0x00000000039d0000, 0x00000000049d0000)
 End Bits:   [0x00000000049d0000, 0x00000000059d0000)

Polling page: 0x0000000002800000

CodeCache: size=245760Kb used=1180Kb max_used=1180Kb free=244579Kb
 bounds [0x000000000f010000, 0x000000000f280000, 0x000000001e010000]
 total_blobs=317 nmethods=77 adapters=154
 compilation: enabled

Compilation events (10 events):
Event: 0.432 Thread 0x00000000085e1800 nmethod 71 0x000000000f135e50 code [0x000000000f135fa0, 0x000000000f136090]
Event: 0.432 Thread 0x00000000085e1800   72       3       java.util.zip.ZipFile::ensureOpen (37 bytes)
Event: 0.432 Thread 0x00000000085e1800 nmethod 72 0x000000000f136110 code [0x000000000f1362a0, 0x000000000f136578]
Event: 0.432 Thread 0x00000000085e1800   73       1       java.util.zip.ZipCoder::isUTF8 (5 bytes)
Event: 0.432 Thread 0x00000000085e1800 nmethod 73 0x000000000f136690 code [0x000000000f1367e0, 0x000000000f1368f0]
Event: 0.432 Thread 0x00000000085e1800   74       1       sun.util.calendar.CalendarDate::isStandardTime (5 bytes)
Event: 0.432 Thread 0x00000000085e1800 nmethod 74 0x000000000f136950 code [0x000000000f136aa0, 0x000000000f136bb0]
Event: 0.432 Thread 0x00000000085e1800   75       1       sun.util.calendar.BaseCalendar$Date::getCachedYear (5 bytes)
Event: 0.432 Thread 0x00000000085e1800 nmethod 75 0x000000000f136c10 code [0x000000000f136d60, 0x000000000f136e70]
Event: 0.435 Thread 0x00000000085e1800   78       3       sun.nio.cs.UTF_8$Decoder::decode (779 bytes)

GC Heap History (0 events):
No events

Deoptimization events (0 events):
No events

Internal exceptions (2 events):
Event: 0.027 Thread 0x000000000283d800 Exception <a 'java/lang/NoSuchMethodError': Method sun.misc.Unsafe.defineClass(Ljava/lang/String;[BII)Ljava/lang/Class; name or signature does not match> (0x00000000eab0c9d8) thrown at [D:\re\workspace\8-2-build-windows-amd64-cygwin\jdk8u25\1677\hotspot\srEï½O	œ?
Event: 0.027 Thread 0x000000000283d800 Exception <a 'java/lang/NoSuchMethodError': Method sun.misc.Unsafe.prefetchRead(Ljava/lang/Object;J)V name or signature does not match> (0x00000000eab0cc68) thrown at [D:\re\workspace\8-2-build-windows-amd64-cygwin\jdk8u25\1677\hotspot\src\share\vm\prims\j

Events (10 events):
Event: 0.427 loading class com/android/dx/dex/file/ClassDefsSection
Event: 0.427 loading class com/android/dx/dex/file/ClassDefsSection done
Event: 0.428 loading class com/android/dx/cf/direct/ClassPathOpener
Event: 0.428 loading class com/android/dx/cf/direct/ClassPathOpener done
Event: 0.428 loading class com/android/dx/cf/direct/ClassPathOpener$1
Event: 0.428 loading class com/android/dx/cf/direct/ClassPathOpener$1 done
Event: 0.429 loading class com/android/dx/command/dexer/Main$1
Event: 0.429 loading class com/android/dx/command/dexer/Main$1 done
Event: 0.430 loading class java/util/zip/ZipFile$ZipEntryIterator
Event: 0.430 loading class java/util/zip/ZipFile$ZipEntryIterator done


Dynamic libraries:
0x00007ff6e8c30000 - 0x00007ff6e8c64000 	C:\PROGRA~3\Oracle\Java\javapath\java.exe
0x00007ff91db20000 - 0x00007ff91dcc6000 	C:\Windows\SYSTEM32\ntdll.dll
0x00007ff91ba30000 - 0x00007ff91bb6a000 	C:\Windows\system32\KERNEL32.DLL
0x00007ff91b190000 - 0x00007ff91b29f000 	C:\Windows\system32\KERNELBASE.dll
0x00007ff919a60000 - 0x00007ff919ae8000 	C:\Windows\system32\apphelp.dll
0x00007ff910970000 - 0x00007ff9109bf000 	C:\Windows\AppPatch\AppPatch64\AcGenral.DLL
0x00007ff91b8b0000 - 0x00007ff91b957000 	C:\Windows\system32\msvcrt.dll
0x00007ff91aca0000 - 0x00007ff91accb000 	C:\Windows\SYSTEM32\SspiCli.dll
0x00007ff91d940000 - 0x00007ff91d991000 	C:\Windows\system32\SHLWAPI.dll
0x00007ff91b410000 - 0x00007ff91b581000 	C:\Windows\system32\USER32.dll
0x00007ff91b730000 - 0x00007ff91b8a8000 	C:\Windows\system32\ole32.dll
0x00007ff91c530000 - 0x00007ff91d93f000 	C:\Windows\system32\SHELL32.dll
0x00007ff91a4b0000 - 0x00007ff91a4ce000 	C:\Windows\SYSTEM32\USERENV.dll
0x00007ff91c410000 - 0x00007ff91c4b5000 	C:\Windows\system32\ADVAPI32.dll
0x00007ff912530000 - 0x00007ff91254b000 	C:\Windows\SYSTEM32\MPR.dll
0x00007ff91b5f0000 - 0x00007ff91b727000 	C:\Windows\system32\RPCRT4.dll
0x00007ff91c4d0000 - 0x00007ff91c527000 	C:\Windows\SYSTEM32\sechost.dll
0x00007ff91bfe0000 - 0x00007ff91c1b6000 	C:\Windows\SYSTEM32\combase.dll
0x00007ff91d9d0000 - 0x00007ff91db14000 	C:\Windows\system32\GDI32.dll
0x00007ff91ae90000 - 0x00007ff91aea4000 	C:\Windows\SYSTEM32\profapi.dll
0x00007ff919460000 - 0x00007ff9194ff000 	C:\Windows\SYSTEM32\SHCORE.dll
0x00007ff91c1c0000 - 0x00007ff91c1f4000 	C:\Windows\system32\IMM32.DLL
0x00007ff91bea0000 - 0x00007ff91bfd9000 	C:\Windows\system32\MSCTF.dll
0x00007ff91ae50000 - 0x00007ff91ae7f000 	C:\Windows\system32\nvinitx.dll
0x000000000f000000 - 0x000000000f006000 	C:\Program Files\NVIDIA Corporation\CoProcManager\detoured.dll
0x00007ff919230000 - 0x00007ff91928f000 	C:\Program Files\NVIDIA Corporation\CoProcManager\nvd3d9wrapx.dll
0x00007ff91bb70000 - 0x00007ff91bd44000 	C:\Windows\system32\SETUPAPI.dll
0x00007ff91b140000 - 0x00007ff91b18a000 	C:\Windows\system32\CFGMGR32.dll
0x00007ff9191e0000 - 0x00007ff919226000 	C:\Program Files\NVIDIA Corporation\CoProcManager\nvdxgiwrapx.dll
0x00007ff918f80000 - 0x00007ff9191da000 	C:\Windows\WinSxS\amd64_microsoft.windows.common-controls_6595b64144ccf1df_6.0.9600.17031_none_6242a4b3ecbb55a1\COMCTL32.dll
0x000000006b970000 - 0x000000006ba42000 	C:\Program Files\Java\jre1.8.0_25\bin\msvcr100.dll
0x000000006baf0000 - 0x000000006c34a000 	C:\Program Files\Java\jre1.8.0_25\bin\server\jvm.dll
0x00007ff910e80000 - 0x00007ff910e89000 	C:\Windows\SYSTEM32\WSOCK32.dll
0x00007ff9172c0000 - 0x00007ff9172df000 	C:\Windows\SYSTEM32\WINMM.dll
0x00007ff91c260000 - 0x00007ff91c267000 	C:\Windows\system32\PSAPI.DLL
0x00007ff91c200000 - 0x00007ff91c258000 	C:\Windows\system32\WS2_32.dll
0x00007ff917290000 - 0x00007ff9172ba000 	C:\Windows\SYSTEM32\WINMMBASE.dll
0x00007ff91c4c0000 - 0x00007ff91c4c9000 	C:\Windows\system32\NSI.dll
0x00007ff919cb0000 - 0x00007ff919cd6000 	C:\Windows\SYSTEM32\DEVOBJ.dll
0x000000006bae0000 - 0x000000006baef000 	C:\Program Files\Java\jre1.8.0_25\bin\verify.dll
0x000000006bab0000 - 0x000000006bad8000 	C:\Program Files\Java\jre1.8.0_25\bin\java.dll
0x000000006ba90000 - 0x000000006baa6000 	C:\Program Files\Java\jre1.8.0_25\bin\zip.dll

VM Arguments:
jvm_args: -Xmx1024M -Xss1m -Djava.ext.dirs=C:\Users\DxD\AppData\Local\Android\sdk\build-tools\21.1.2\lib 
java_command: C:\Users\DxD\AppData\Local\Android\sdk\build-tools\21.1.2\lib\dx.jar --dex --output C:\Users\DxD\AndroidStudioProjects\Sunshine\app\build\intermediates\pre-dexed\debug\internal_impl-21.0.3-d2e18ccd31cd8069ffc6bf8344904055fcf80de4.jar C:\Users\DxD\AndroidStudioProjects\Sunshine\app\build\intermediates\exploded-aar\com.android.support\support-v4\21.0.3\libs\internal_impl-21.0.3.jar
java_class_path (initial): C:\Users\DxD\AppData\Local\Android\sdk\build-tools\21.1.2\lib\dx.jar
Launcher Type: SUN_STANDARD

Environment Variables:
JAVA_HOME=C:\Program Files\Java\jdk1.8.0_25
PATH=C:\ProgramData\Oracle\Java\javapath;C:\Program Files (x86)\HP SimplePass\x64;C:\Program Files (x86)\HP SimplePass\;C:\Program Files\Broadcom\Broadcom 802.11\Driver;C:\Program Files (x86)\Intel\iCLS Client\;C:\Program Files\Intel\iCLS Client\;C:\Windows\system32;C:\Windows;C:\Windows\System32\Wbem;C:\Windows\System32\WindowsPowerShell\v1.0\;C:\Program Files (x86)\Intel\OpenCL SDK\2.0\bin\x86;C:\Program Files (x86)\Intel\OpenCL SDK\2.0\bin\x64;c:\Program Files\WIDCOMM\Bluetooth Software\;c:\Program Files\WIDCOMM\Bluetooth Software\syswow64;C:\Program Files\Intel\Intel(R) Management Engine Components\DAL;C:\Program Files\Intel\Intel(R) Management Engine Components\IPT;C:\Program Files (x86)\Intel\Intel(R) Management Engine Components\DAL;C:\Program Files (x86)\Intel\Intel(R) Management Engine Components\IPT;c:\cygwin64\bin\;C:\Program Files (x86)\QuickTime\QTSystem\;C:\Program Files\OpenVPN\bin;C:\Program Files (x86)\proXPN\bin
USERNAME=DxD
OS=Windows_NT
PROCESSOR_IDENTIFIER=Intel64 Family 6 Model 58 Stepping 9, GenuineIntel



---------------  S Y S T E M  ---------------

OS: Windows 8.1 , 64 bit Build 9600 

CPU:total 8 (4 cores per cpu, 2 threads per core) family 6 model 58 stepping 9, cmov, cx8, fxsr, mmx, sse, sse2, sse3, ssse3, sse4.1, sse4.2, popcnt, avx, aes, clmul, erms, ht, tsc, tscinvbit, tscinv

Memory: 4k page, physical 6178072k(903012k free), swap 9575428k(4548k free)

vm_info: Java HotSpot(TM) 64-Bit Server VM (25.25-b02) for windows-amd64 JRE (1.8.0_25-b18), built on Oct  7 2014 14:25:37 by "java_re" with MS VC++ 10.0 (VS2010)

time: Sun Jan 04 04:02:27 2015
elapsed time: 0 seconds (0d 0h 0m 0s)

