#
# There is insufficient memory for the Java Runtime Environment to continue.
# Native memory allocation (malloc) failed to allocate 1048576 bytes for AllocateHeap
# Possible reasons:
#   The system is out of physical RAM or swap space
#   In 32 bit mode, the process size limit was hit
# Possible solutions:
#   Reduce memory load on the system
#   Increase physical memory or swap space
#   Check if swap backing store is full
#   Use 64 bit Java on a 64 bit OS
#   Decrease Java heap size (-Xmx/-Xms)
#   Decrease number of Java threads
#   Decrease Java thread stack sizes (-Xss)
#   Set larger code cache with -XX:ReservedCodeCacheSize=
# This output file may be truncated or incomplete.
#
#  Out of Memory Error (memory/allocation.inline.hpp:62), pid=12408, tid=11224
#
# JRE version:  (8.0_25-b18) (build )
# Java VM: Java HotSpot(TM) 64-Bit Server VM (25.25-b02 mixed mode windows-amd64 compressed oops)
# Failed to write core dump. Minidumps are not enabled by default on client versions of Windows
#

---------------  T H R E A D  ---------------

Current thread (0x0000000002d50800):  JavaThread "Unknown thread" [_thread_in_vm, id=11224, stack(0x0000000002bf0000,0x0000000002cf0000)]

Stack: [0x0000000002bf0000,0x0000000002cf0000]
Native frames: (J=compiled Java code, j=interpreted, Vv=VM code, C=native code)
V  [jvm.dll+0x31667a]
V  [jvm.dll+0x267073]
V  [jvm.dll+0x267cb3]
V  [jvm.dll+0x25f5b5]
V  [jvm.dll+0x3aa31f]
V  [jvm.dll+0x3d5f12]
V  [jvm.dll+0x3d635c]
V  [jvm.dll+0x3d1967]
V  [jvm.dll+0xe53f2]
V  [jvm.dll+0x1f9b19]
V  [jvm.dll+0x22b2e4]
V  [jvm.dll+0x14d571]
C  [java.exe+0x20b6]
C  [java.exe+0xc9bb]
C  [java.exe+0xca4f]
C  [KERNEL32.DLL+0x16ad]
C  [ntdll.dll+0x54409]


---------------  P R O C E S S  ---------------

Java Threads: ( => current thread )

Other Threads:

=>0x0000000002d50800 (exited) JavaThread "Unknown thread" [_thread_in_vm, id=11224, stack(0x0000000002bf0000,0x0000000002cf0000)]

VM state:not at safepoint (normal execution)

VM Mutex/Monitor currently owned by a thread: None

Heap:
 PSYoungGen      total 28672K, used 491K [0x00000000e0900000, 0x00000000e2900000, 0x0000000100000000)
  eden space 24576K, 2% used [0x00000000e0900000,0x00000000e097ae20,0x00000000e2100000)
  from space 4096K, 0% used [0x00000000e2500000,0x00000000e2500000,0x00000000e2900000)
  to   space 4096K, 0% used [0x00000000e2100000,0x00000000e2100000,0x00000000e2500000)
 ParOldGen       total 65536K, used 0K [0x00000000a1a00000, 0x00000000a5a00000, 0x00000000e0900000)
  object space 65536K, 0% used [0x00000000a1a00000,0x00000000a1a00000,0x00000000a5a00000)
 Metaspace       used 674K, capacity 4480K, committed 4480K, reserved 1056768K
  class space    used 66K, capacity 384K, committed 384K, reserved 1048576K

Card table byte_map: [0x0000000003210000,0x0000000003510000] byte_map_base: 0x0000000002d03000

Marking Bits: (ParMarkBitMap*) 0x000000006cfad490
 Begin Bits: [0x0000000003f10000, 0x00000000056a8000)
 End Bits:   [0x00000000056a8000, 0x0000000006e40000)

Polling page: 0x0000000001370000

CodeCache: size=245760Kb used=327Kb max_used=327Kb free=245432Kb
 bounds [0x000000000f010000, 0x000000000f280000, 0x000000001e010000]
 total_blobs=56 nmethods=0 adapters=37
 compilation: enabled

Compilation events (0 events):
No events

GC Heap History (0 events):
No events

Deoptimization events (0 events):
No events

Internal exceptions (0 events):
No events

Events (10 events):
Event: 0.025 loading class java/lang/Short
Event: 0.026 loading class java/lang/Short done
Event: 0.026 loading class java/lang/Integer
Event: 0.026 loading class java/lang/Integer done
Event: 0.026 loading class java/lang/Long
Event: 0.026 loading class java/lang/Long done
Event: 0.027 loading class java/lang/NullPointerException
Event: 0.027 loading class java/lang/NullPointerException done
Event: 0.027 loading class java/lang/ArithmeticException
Event: 0.027 loading class java/lang/ArithmeticException done


Dynamic libraries:
0x00007ff6b0ef0000 - 0x00007ff6b0f24000 	C:\Program Files\Java\jdk1.8.0_25\bin\java.exe
0x00007ff91db20000 - 0x00007ff91dcc6000 	C:\Windows\SYSTEM32\ntdll.dll
0x00007ff91ba30000 - 0x00007ff91bb6a000 	C:\Windows\system32\KERNEL32.DLL
0x00007ff91b190000 - 0x00007ff91b29f000 	C:\Windows\system32\KERNELBASE.dll
0x00007ff919a60000 - 0x00007ff919ae8000 	C:\Windows\system32\apphelp.dll
0x00007ff910970000 - 0x00007ff9109bf000 	C:\Windows\AppPatch\AppPatch64\AcGenral.DLL
0x00007ff91b8b0000 - 0x00007ff91b957000 	C:\Windows\system32\msvcrt.dll
0x00007ff91aca0000 - 0x00007ff91accb000 	C:\Windows\SYSTEM32\SspiCli.dll
0x00007ff91d940000 - 0x00007ff91d991000 	C:\Windows\system32\SHLWAPI.dll
0x00007ff91b410000 - 0x00007ff91b581000 	C:\Windows\system32\USER32.dll
0x00007ff91b730000 - 0x00007ff91b8a8000 	C:\Windows\system32\ole32.dll
0x00007ff91c530000 - 0x00007ff91d93f000 	C:\Windows\system32\SHELL32.dll
0x00007ff91a4b0000 - 0x00007ff91a4ce000 	C:\Windows\SYSTEM32\USERENV.dll
0x00007ff91c410000 - 0x00007ff91c4b5000 	C:\Windows\system32\ADVAPI32.dll
0x00007ff912530000 - 0x00007ff91254b000 	C:\Windows\SYSTEM32\MPR.dll
0x00007ff91b5f0000 - 0x00007ff91b727000 	C:\Windows\system32\RPCRT4.dll
0x00007ff91c4d0000 - 0x00007ff91c527000 	C:\Windows\SYSTEM32\sechost.dll
0x00007ff91bfe0000 - 0x00007ff91c1b6000 	C:\Windows\SYSTEM32\combase.dll
0x00007ff91d9d0000 - 0x00007ff91db14000 	C:\Windows\system32\GDI32.dll
0x00007ff91ae90000 - 0x00007ff91aea4000 	C:\Windows\SYSTEM32\profapi.dll
0x00007ff919460000 - 0x00007ff9194ff000 	C:\Windows\SYSTEM32\SHCORE.dll
0x00007ff91c1c0000 - 0x00007ff91c1f4000 	C:\Windows\system32\IMM32.DLL
0x00007ff91bea0000 - 0x00007ff91bfd9000 	C:\Windows\system32\MSCTF.dll
0x00007ff91ae50000 - 0x00007ff91ae7f000 	C:\Windows\system32\nvinitx.dll
0x000000000f000000 - 0x000000000f006000 	C:\Program Files\NVIDIA Corporation\CoProcManager\detoured.dll
0x00007ff919230000 - 0x00007ff91928f000 	C:\Program Files\NVIDIA Corporation\CoProcManager\nvd3d9wrapx.dll
0x00007ff91bb70000 - 0x00007ff91bd44000 	C:\Windows\system32\SETUPAPI.dll
0x00007ff91b140000 - 0x00007ff91b18a000 	C:\Windows\system32\CFGMGR32.dll
0x00007ff9191e0000 - 0x00007ff919226000 	C:\Program Files\NVIDIA Corporation\CoProcManager\nvdxgiwrapx.dll
0x00007ff918f80000 - 0x00007ff9191da000 	C:\Windows\WinSxS\amd64_microsoft.windows.common-controls_6595b64144ccf1df_6.0.9600.17031_none_6242a4b3ecbb55a1\COMCTL32.dll
0x000000006c350000 - 0x000000006c422000 	C:\Program Files\Java\jdk1.8.0_25\jre\bin\msvcr100.dll
0x000000006c7d0000 - 0x000000006d02a000 	C:\Program Files\Java\jdk1.8.0_25\jre\bin\server\jvm.dll
0x00007ff910e80000 - 0x00007ff910e89000 	C:\Windows\SYSTEM32\WSOCK32.dll
0x00007ff9172c0000 - 0x00007ff9172df000 	C:\Windows\SYSTEM32\WINMM.dll
0x00007ff91c260000 - 0x00007ff91c267000 	C:\Windows\system32\PSAPI.DLL
0x00007ff91c200000 - 0x00007ff91c258000 	C:\Windows\system32\WS2_32.dll
0x00007ff917290000 - 0x00007ff9172ba000 	C:\Windows\SYSTEM32\WINMMBASE.dll
0x00007ff91c4c0000 - 0x00007ff91c4c9000 	C:\Windows\system32\NSI.dll
0x00007ff919cb0000 - 0x00007ff919cd6000 	C:\Windows\SYSTEM32\DEVOBJ.dll
0x000000006c7c0000 - 0x000000006c7cf000 	C:\Program Files\Java\jdk1.8.0_25\jre\bin\verify.dll
0x000000006c790000 - 0x000000006c7b8000 	C:\Program Files\Java\jdk1.8.0_25\jre\bin\java.dll
0x000000006c770000 - 0x000000006c786000 	C:\Program Files\Java\jdk1.8.0_25\jre\bin\zip.dll
0x00007ff916f00000 - 0x00007ff917088000 	C:\Windows\SYSTEM32\dbghelp.dll

VM Arguments:
java_command: <unknown>
java_class_path (initial): .
Launcher Type: SUN_STANDARD

Environment Variables:
JAVA_HOME=C:\Program Files\Java\jdk1.8.0_25
PATH=C:\ProgramData\Oracle\Java\javapath;C:\Program Files (x86)\HP SimplePass\x64;C:\Program Files (x86)\HP SimplePass\;C:\Program Files\Broadcom\Broadcom 802.11\Driver;C:\Program Files (x86)\Intel\iCLS Client\;C:\Program Files\Intel\iCLS Client\;C:\Windows\system32;C:\Windows;C:\Windows\System32\Wbem;C:\Windows\System32\WindowsPowerShell\v1.0\;C:\Program Files (x86)\Intel\OpenCL SDK\2.0\bin\x86;C:\Program Files (x86)\Intel\OpenCL SDK\2.0\bin\x64;c:\Program Files\WIDCOMM\Bluetooth Software\;c:\Program Files\WIDCOMM\Bluetooth Software\syswow64;C:\Program Files\Intel\Intel(R) Management Engine Components\DAL;C:\Program Files\Intel\Intel(R) Management Engine Components\IPT;C:\Program Files (x86)\Intel\Intel(R) Management Engine Components\DAL;C:\Program Files (x86)\Intel\Intel(R) Management Engine Components\IPT;c:\cygwin64\bin\;C:\Program Files (x86)\QuickTime\QTSystem\;C:\Program Files\OpenVPN\bin;C:\Program Files (x86)\proXPN\bin
USERNAME=DxD
OS=Windows_NT
PROCESSOR_IDENTIFIER=Intel64 Family 6 Model 58 Stepping 9, GenuineIntel



---------------  S Y S T E M  ---------------

OS: Windows 8.1 , 64 bit Build 9600 

CPU:total 8 (4 cores per cpu, 2 threads per core) family 6 model 58 stepping 9, cmov, cx8, fxsr, mmx, sse, sse2, sse3, ssse3, sse4.1, sse4.2, popcnt, avx, aes, clmul, erms, ht, tsc, tscinvbit, tscinv

Memory: 4k page, physical 6178072k(1177856k free), swap 9575428k(393528k free)

vm_info: Java HotSpot(TM) 64-Bit Server VM (25.25-b02) for windows-amd64 JRE (1.8.0_25-b18), built on Oct  7 2014 14:25:37 by "java_re" with MS VC++ 10.0 (VS2010)

time: Sun Jan 04 04:02:14 2015
elapsed time: 0 seconds (0d 0h 0m 0s)

